Arguments: 
  C:\Program Files\nodejs\node.exe C:\Program Files (x86)\Yarn\bin\yarn.js install

PATH: 
  C:\ProgramData\Oracle\Java\javapath;C:\WINDOWS\system32;C:\WINDOWS;C:\WINDOWS\System32\Wbem;C:\WINDOWS\System32\WindowsPowerShell\v1.0\;C:\Program Files\TortoiseGit\bin;C:\WINDOWS\System32\OpenSSH\;C:\Program Files\Git\cmd;C:\Program Files (x86)\Yarn\bin\;C:\Users\subsh\AppData\Roaming\nvm;C:\Program Files\nodejs;C:\Users\subsh\AppData\Local\Android\Sdk\platform-tools;C:\Users\subsh\AppData\Local\Android\Sdk\emulator;C:\Users\subsh\AppData\Local\Android\Sdk;C:\Users\subsh\AppData\Local\Microsoft\WindowsApps;C:\Users\subsh\AppData\Local\Programs\Microsoft VS Code\bin;C:\Users\subsh\Downloads\sonar-scanner\bin;C:\Users\subsh\AppData\Roaming\npm;E:\sonar-scanner\bin;C:\Users\subsh\AppData\Local\Yarn\bin;C:\Users\subsh\AppData\Roaming\nvm;C:\Program Files\nodejs

Yarn version: 
  1.22.4

Node version: 
  12.16.0

Platform: 
  win32 x64

Trace: 
  Error: https://registry.yarnpkg.com/hermes-engine/-/hermes-engine-0.2.1.tgz: unexpected end of file
      at Zlib.zlibOnError [as onerror] (zlib.js:180:17)

npm manifest: 
  {
    "main": "node_modules/expo/AppEntry.js",
    "scripts": {
      "start": "expo start",
      "android": "expo start --android",
      "ios": "expo start --ios",
      "web": "expo start --web",
      "eject": "expo eject",
      "test": "jest --watchAll"
    },
    "jest": {
      "preset": "jest-expo"
    },
    "dependencies": {
      "@expo/vector-icons": "~10.0.6",
      "@react-native-community/masked-view": "0.1.6",
      "@react-navigation/bottom-tabs": "^5.0.0",
      "@react-navigation/native": "^5.0.0",
      "@react-navigation/stack": "^5.0.0",
      "@react-navigation/web": "~1.0.0-alpha.9",
      "expo": "~37.0.3",
      "expo-asset": "~8.1.3",
      "expo-constants": "~9.0.0",
      "expo-font": "~8.1.0",
      "expo-web-browser": "~8.1.0",
      "react": "~16.9.0",
      "react-dom": "~16.9.0",
      "react-native": "https://github.com/expo/react-native/archive/sdk-37.0.1.tar.gz",
      "react-native-gesture-handler": "~1.6.0",
      "react-native-safe-area-context": "0.7.3",
      "react-native-screens": "~2.2.0",
      "react-native-web": "~0.11.7"
    },
    "devDependencies": {
      "@babel/core": "^7.8.6",
      "babel-preset-expo": "~8.1.0",
      "jest-expo": "~37.0.0"
    },
    "private": true
  }

yarn manifest: 
  No manifest

Lockfile: 
  No lockfile
